<?xml version="1.0" encoding="UTF-8"?>
<!-- Generated by org.testng.reporters.JUnitReportReporter -->
<testsuite skipped="0" hostname="LAPTOP-PC8Q03SG" name="com.siemens.Customer_Support1.Myntra_TestNg" tests="4" failures="0" timestamp="2023-02-22T15:24:22 IST" time="58.932" errors="0">
  <testcase name="browser_launch" time="52.669" classname="com.siemens.Customer_Support1.Myntra_TestNg"/>
  <system-out/>
  <testcase name="kids_Tshirts" time="4.801" classname="com.siemens.Customer_Support1.Myntra_TestNg"/>
  <system-out/>
  <testcase name="product_Count" time="0.047" classname="com.siemens.Customer_Support1.Myntra_TestNg"/>
  <system-out/>
  <testcase name="minimum_Price" time="1.415" classname="com.siemens.Customer_Support1.Myntra_TestNg"/>
  <system-out/>
</testsuite> <!-- com.siemens.Customer_Support1.Myntra_TestNg -->
